0 info it worked if it ends with ok
1 verbose cli [ 'c:\\Program Files\\nodejs\\node.exe',
1 verbose cli   'c:\\Program Files\\nodejs\\node_modules\\npm\\bin\\npm-cli.js',
1 verbose cli   'install',
1 verbose cli   'gulp-gulp-uglify',
1 verbose cli   '--save-dev' ]
2 info using npm@1.4.28
3 info using node@v0.10.36
4 verbose cache add [ 'gulp-gulp-uglify', null ]
5 verbose cache add name=undefined spec="gulp-gulp-uglify" args=["gulp-gulp-uglify",null]
6 verbose parsed url { protocol: null,
6 verbose parsed url   slashes: null,
6 verbose parsed url   auth: null,
6 verbose parsed url   host: null,
6 verbose parsed url   port: null,
6 verbose parsed url   hostname: null,
6 verbose parsed url   hash: null,
6 verbose parsed url   search: null,
6 verbose parsed url   query: null,
6 verbose parsed url   pathname: 'gulp-gulp-uglify',
6 verbose parsed url   path: 'gulp-gulp-uglify',
6 verbose parsed url   href: 'gulp-gulp-uglify' }
7 silly lockFile 9e73ec1d-gulp-gulp-uglify gulp-gulp-uglify
8 verbose lock gulp-gulp-uglify C:\Users\Administrator\AppData\Roaming\npm-cache\9e73ec1d-gulp-gulp-uglify.lock
9 silly lockFile 9e73ec1d-gulp-gulp-uglify gulp-gulp-uglify
10 silly lockFile 9e73ec1d-gulp-gulp-uglify gulp-gulp-uglify
11 verbose addNamed [ 'gulp-gulp-uglify', '' ]
12 verbose addNamed [ null, '*' ]
13 silly lockFile c62daaf6-gulp-gulp-uglify gulp-gulp-uglify@
14 verbose lock gulp-gulp-uglify@ C:\Users\Administrator\AppData\Roaming\npm-cache\c62daaf6-gulp-gulp-uglify.lock
15 silly addNameRange { name: 'gulp-gulp-uglify', range: '*', hasData: false }
16 verbose request where is /gulp-gulp-uglify
17 verbose request registry https://registry.npm.taobao.org/
18 verbose request id deacb03f03edce07
19 verbose url raw /gulp-gulp-uglify
20 verbose url resolving [ 'https://registry.npm.taobao.org/', './gulp-gulp-uglify' ]
21 verbose url resolved https://registry.npm.taobao.org/gulp-gulp-uglify
22 verbose request where is https://registry.npm.taobao.org/gulp-gulp-uglify
23 info trying registry request attempt 1 at 09:10:42
24 http GET https://registry.npm.taobao.org/gulp-gulp-uglify
25 http 404 https://registry.npm.taobao.org/gulp-gulp-uglify
26 verbose headers { date: 'Mon, 20 Apr 2015 01:08:34 GMT',
26 verbose headers   server: 'CouchDB/1.5.0 (Erlang OTP/R16B03)',
26 verbose headers   'content-type': 'application/json',
26 verbose headers   'cache-control': 'max-age=0',
26 verbose headers   'content-length': '51',
26 verbose headers   'accept-ranges': 'bytes',
26 verbose headers   via: '1.1 varnish',
26 verbose headers   age: '0',
26 verbose headers   'x-served-by': 'cache-sjc3124-SJC',
26 verbose headers   'x-cache': 'MISS',
26 verbose headers   'x-cache-hits': '0',
26 verbose headers   'x-timer': 'S1429492114.498460,VS0,VE39',
26 verbose headers   'keep-alive': 'timeout=10, max=50',
26 verbose headers   connection: 'Keep-Alive' }
27 silly registry.get cb [ 404,
27 silly registry.get   { date: 'Mon, 20 Apr 2015 01:08:34 GMT',
27 silly registry.get     server: 'CouchDB/1.5.0 (Erlang OTP/R16B03)',
27 silly registry.get     'content-type': 'application/json',
27 silly registry.get     'cache-control': 'max-age=0',
27 silly registry.get     'content-length': '51',
27 silly registry.get     'accept-ranges': 'bytes',
27 silly registry.get     via: '1.1 varnish',
27 silly registry.get     age: '0',
27 silly registry.get     'x-served-by': 'cache-sjc3124-SJC',
27 silly registry.get     'x-cache': 'MISS',
27 silly registry.get     'x-cache-hits': '0',
27 silly registry.get     'x-timer': 'S1429492114.498460,VS0,VE39',
27 silly registry.get     'keep-alive': 'timeout=10, max=50',
27 silly registry.get     connection: 'Keep-Alive' } ]
28 silly lockFile c62daaf6-gulp-gulp-uglify gulp-gulp-uglify@
29 silly lockFile c62daaf6-gulp-gulp-uglify gulp-gulp-uglify@
30 error 404 404 Not Found: gulp-gulp-uglify
30 error 404
30 error 404 'gulp-gulp-uglify' is not in the npm registry.
30 error 404 You should bug the author to publish it
30 error 404
30 error 404 Note that you can also install from a
30 error 404 tarball, folder, or http url, or git url.
31 error System Windows_NT 6.1.7601
32 error command "c:\\Program Files\\nodejs\\node.exe" "c:\\Program Files\\nodejs\\node_modules\\npm\\bin\\npm-cli.js" "install" "gulp-gulp-uglify" "--save-dev"
33 error cwd e:\appadmin\src\main\webapp
34 error node -v v0.10.36
35 error npm -v 1.4.28
36 error code E404
37 verbose exit [ 1, true ]
